[2025-07-22 01:48:01] SlimMonoLogger.ERROR: InvalidArgumentException: Cannot find uploaded file identified by key: file in /home/icherrish.com/public_html/src/vendor/codeguy/upload/src/Upload/File.php:139
Stack trace:
#0 /home/icherrish.com/public_html/src/controllers/Dashboard/DashboardGalleryController.php(189): Upload\File->__construct()
#1 [internal function]: spark\controllers\Dashboard\DashboardGalleryController->createPOST()
#2 /home/icherrish.com/public_html/src/framework/Route.php(173): call_user_func_array()
#3 [internal function]: Slim\Route->Slim\{closure}()
#4 /home/icherrish.com/public_html/src/framework/Route.php(468): call_user_func_array()
#5 /home/icherrish.com/public_html/src/framework/Slim.php(1364): Slim\Route->dispatch()
#6 /home/icherrish.com/public_html/src/framework/Middleware/Flash.php(85): Slim\Slim->call()
#7 /home/icherrish.com/public_html/src/framework/Middleware/MethodOverride.php(92): Slim\Middleware\Flash->call()
#8 /home/icherrish.com/public_html/src/middlewares/CsrfGuard/CsrfGuard.php(47): Slim\Middleware\MethodOverride->call()
#9 /home/icherrish.com/public_html/src/framework/Middleware/PrettyExceptions.php(67): spark\middlewares\CsrfGuard\CsrfGuard->call()
#10 /home/icherrish.com/public_html/src/framework/Slim.php(1308): Slim\Middleware\PrettyExceptions->call()
#11 /home/icherrish.com/public_html/index.php(6): Slim\Slim->run()
#12 {main} [] []
[2025-07-22 01:48:35] SlimMonoLogger.ERROR: InvalidArgumentException: Cannot find uploaded file identified by key: file in /home/icherrish.com/public_html/src/vendor/codeguy/upload/src/Upload/File.php:139
Stack trace:
#0 /home/icherrish.com/public_html/src/controllers/Dashboard/DashboardGalleryController.php(189): Upload\File->__construct()
#1 [internal function]: spark\controllers\Dashboard\DashboardGalleryController->createPOST()
#2 /home/icherrish.com/public_html/src/framework/Route.php(173): call_user_func_array()
#3 [internal function]: Slim\Route->Slim\{closure}()
#4 /home/icherrish.com/public_html/src/framework/Route.php(468): call_user_func_array()
#5 /home/icherrish.com/public_html/src/framework/Slim.php(1364): Slim\Route->dispatch()
#6 /home/icherrish.com/public_html/src/framework/Middleware/Flash.php(85): Slim\Slim->call()
#7 /home/icherrish.com/public_html/src/framework/Middleware/MethodOverride.php(92): Slim\Middleware\Flash->call()
#8 /home/icherrish.com/public_html/src/middlewares/CsrfGuard/CsrfGuard.php(47): Slim\Middleware\MethodOverride->call()
#9 /home/icherrish.com/public_html/src/framework/Middleware/PrettyExceptions.php(67): spark\middlewares\CsrfGuard\CsrfGuard->call()
#10 /home/icherrish.com/public_html/src/framework/Slim.php(1308): Slim\Middleware\PrettyExceptions->call()
#11 /home/icherrish.com/public_html/index.php(6): Slim\Slim->run()
#12 {main} [] []
[2025-07-22 01:48:41] SlimMonoLogger.ERROR: InvalidArgumentException: Cannot find uploaded file identified by key: file in /home/icherrish.com/public_html/src/vendor/codeguy/upload/src/Upload/File.php:139
Stack trace:
#0 /home/icherrish.com/public_html/src/controllers/Dashboard/DashboardGalleryController.php(189): Upload\File->__construct()
#1 [internal function]: spark\controllers\Dashboard\DashboardGalleryController->createPOST()
#2 /home/icherrish.com/public_html/src/framework/Route.php(173): call_user_func_array()
#3 [internal function]: Slim\Route->Slim\{closure}()
#4 /home/icherrish.com/public_html/src/framework/Route.php(468): call_user_func_array()
#5 /home/icherrish.com/public_html/src/framework/Slim.php(1364): Slim\Route->dispatch()
#6 /home/icherrish.com/public_html/src/framework/Middleware/Flash.php(85): Slim\Slim->call()
#7 /home/icherrish.com/public_html/src/framework/Middleware/MethodOverride.php(92): Slim\Middleware\Flash->call()
#8 /home/icherrish.com/public_html/src/middlewares/CsrfGuard/CsrfGuard.php(47): Slim\Middleware\MethodOverride->call()
#9 /home/icherrish.com/public_html/src/framework/Middleware/PrettyExceptions.php(67): spark\middlewares\CsrfGuard\CsrfGuard->call()
#10 /home/icherrish.com/public_html/src/framework/Slim.php(1308): Slim\Middleware\PrettyExceptions->call()
#11 /home/icherrish.com/public_html/index.php(6): Slim\Slim->run()
#12 {main} [] []
[2025-07-22 01:48:42] SlimMonoLogger.ERROR: InvalidArgumentException: Cannot find uploaded file identified by key: file in /home/icherrish.com/public_html/src/vendor/codeguy/upload/src/Upload/File.php:139
Stack trace:
#0 /home/icherrish.com/public_html/src/controllers/Dashboard/DashboardGalleryController.php(189): Upload\File->__construct()
#1 [internal function]: spark\controllers\Dashboard\DashboardGalleryController->createPOST()
#2 /home/icherrish.com/public_html/src/framework/Route.php(173): call_user_func_array()
#3 [internal function]: Slim\Route->Slim\{closure}()
#4 /home/icherrish.com/public_html/src/framework/Route.php(468): call_user_func_array()
#5 /home/icherrish.com/public_html/src/framework/Slim.php(1364): Slim\Route->dispatch()
#6 /home/icherrish.com/public_html/src/framework/Middleware/Flash.php(85): Slim\Slim->call()
#7 /home/icherrish.com/public_html/src/framework/Middleware/MethodOverride.php(92): Slim\Middleware\Flash->call()
#8 /home/icherrish.com/public_html/src/middlewares/CsrfGuard/CsrfGuard.php(47): Slim\Middleware\MethodOverride->call()
#9 /home/icherrish.com/public_html/src/framework/Middleware/PrettyExceptions.php(67): spark\middlewares\CsrfGuard\CsrfGuard->call()
#10 /home/icherrish.com/public_html/src/framework/Slim.php(1308): Slim\Middleware\PrettyExceptions->call()
#11 /home/icherrish.com/public_html/index.php(6): Slim\Slim->run()
#12 {main} [] []
[2025-07-22 01:49:48] SlimMonoLogger.ERROR: InvalidArgumentException: Cannot find uploaded file identified by key: file in /home/icherrish.com/public_html/src/vendor/codeguy/upload/src/Upload/File.php:139
Stack trace:
#0 /home/icherrish.com/public_html/src/controllers/Dashboard/DashboardGalleryController.php(189): Upload\File->__construct()
#1 [internal function]: spark\controllers\Dashboard\DashboardGalleryController->createPOST()
#2 /home/icherrish.com/public_html/src/framework/Route.php(173): call_user_func_array()
#3 [internal function]: Slim\Route->Slim\{closure}()
#4 /home/icherrish.com/public_html/src/framework/Route.php(468): call_user_func_array()
#5 /home/icherrish.com/public_html/src/framework/Slim.php(1364): Slim\Route->dispatch()
#6 /home/icherrish.com/public_html/src/framework/Middleware/Flash.php(85): Slim\Slim->call()
#7 /home/icherrish.com/public_html/src/framework/Middleware/MethodOverride.php(92): Slim\Middleware\Flash->call()
#8 /home/icherrish.com/public_html/src/middlewares/CsrfGuard/CsrfGuard.php(47): Slim\Middleware\MethodOverride->call()
#9 /home/icherrish.com/public_html/src/framework/Middleware/PrettyExceptions.php(67): spark\middlewares\CsrfGuard\CsrfGuard->call()
#10 /home/icherrish.com/public_html/src/framework/Slim.php(1308): Slim\Middleware\PrettyExceptions->call()
#11 /home/icherrish.com/public_html/index.php(6): Slim\Slim->run()
#12 {main} [] []
[2025-07-22 01:50:13] SlimMonoLogger.ERROR: InvalidArgumentException: Cannot find uploaded file identified by key: file in /home/icherrish.com/public_html/src/vendor/codeguy/upload/src/Upload/File.php:139
Stack trace:
#0 /home/icherrish.com/public_html/src/controllers/Dashboard/DashboardGalleryController.php(189): Upload\File->__construct()
#1 [internal function]: spark\controllers\Dashboard\DashboardGalleryController->createPOST()
#2 /home/icherrish.com/public_html/src/framework/Route.php(173): call_user_func_array()
#3 [internal function]: Slim\Route->Slim\{closure}()
#4 /home/icherrish.com/public_html/src/framework/Route.php(468): call_user_func_array()
#5 /home/icherrish.com/public_html/src/framework/Slim.php(1364): Slim\Route->dispatch()
#6 /home/icherrish.com/public_html/src/framework/Middleware/Flash.php(85): Slim\Slim->call()
#7 /home/icherrish.com/public_html/src/framework/Middleware/MethodOverride.php(92): Slim\Middleware\Flash->call()
#8 /home/icherrish.com/public_html/src/middlewares/CsrfGuard/CsrfGuard.php(47): Slim\Middleware\MethodOverride->call()
#9 /home/icherrish.com/public_html/src/framework/Middleware/PrettyExceptions.php(67): spark\middlewares\CsrfGuard\CsrfGuard->call()
#10 /home/icherrish.com/public_html/src/framework/Slim.php(1308): Slim\Middleware\PrettyExceptions->call()
#11 /home/icherrish.com/public_html/index.php(6): Slim\Slim->run()
#12 {main} [] []
[2025-07-22 01:52:18] SlimMonoLogger.ERROR: InvalidArgumentException: Cannot find uploaded file identified by key: file in /home/icherrish.com/public_html/src/vendor/codeguy/upload/src/Upload/File.php:139
Stack trace:
#0 /home/icherrish.com/public_html/src/controllers/Dashboard/DashboardGalleryController.php(189): Upload\File->__construct()
#1 [internal function]: spark\controllers\Dashboard\DashboardGalleryController->createPOST()
#2 /home/icherrish.com/public_html/src/framework/Route.php(173): call_user_func_array()
#3 [internal function]: Slim\Route->Slim\{closure}()
#4 /home/icherrish.com/public_html/src/framework/Route.php(468): call_user_func_array()
#5 /home/icherrish.com/public_html/src/framework/Slim.php(1364): Slim\Route->dispatch()
#6 /home/icherrish.com/public_html/src/framework/Middleware/Flash.php(85): Slim\Slim->call()
#7 /home/icherrish.com/public_html/src/framework/Middleware/MethodOverride.php(92): Slim\Middleware\Flash->call()
#8 /home/icherrish.com/public_html/src/middlewares/CsrfGuard/CsrfGuard.php(47): Slim\Middleware\MethodOverride->call()
#9 /home/icherrish.com/public_html/src/framework/Middleware/PrettyExceptions.php(67): spark\middlewares\CsrfGuard\CsrfGuard->call()
#10 /home/icherrish.com/public_html/src/framework/Slim.php(1308): Slim\Middleware\PrettyExceptions->call()
#11 /home/icherrish.com/public_html/index.php(6): Slim\Slim->run()
#12 {main} [] []
