[2025-07-11 13:06:48] SlimMonoLogger.ERROR: Requests_Exception: cURL error 28: Operation timed out after 500003 milliseconds with 0 bytes received in /home/icherrish.com/public_html/src/vendor/rmccue/requests/library/Requests/Transport/cURL.php:422
Stack trace:
#0 /home/icherrish.com/public_html/src/vendor/rmccue/requests/library/Requests/Transport/cURL.php(177): Requests_Transport_cURL->process_response()
#1 /home/icherrish.com/public_html/src/vendor/rmccue/requests/library/Requests.php(379): Requests_Transport_cURL->request()
#2 /home/icherrish.com/public_html/src/vendor/rmccue/requests/library/Requests/Session.php(205): Requests::request()
#3 /home/icherrish.com/public_html/src/vendor/rmccue/requests/library/Requests/Session.php(132): Requests_Session->request()
#4 /home/icherrish.com/public_html/src/drivers/Http/RssImporter.php(144): Requests_Session->get()
#5 /home/icherrish.com/public_html/src/controllers/Dashboard/DashboardFeedsController.php(534): spark\drivers\Http\RssImporter->fetchPosts()
#6 /home/icherrish.com/public_html/src/controllers/Dashboard/DashboardFeedsController.php(522): spark\controllers\Dashboard\DashboardFeedsController::importFeedPosts()
#7 [internal function]: spark\controllers\Dashboard\DashboardFeedsController->refreshFeed()
#8 /home/icherrish.com/public_html/src/framework/Route.php(173): call_user_func_array()
#9 [internal function]: Slim\Route->Slim\{closure}()
#10 /home/icherrish.com/public_html/src/framework/Route.php(468): call_user_func_array()
#11 /home/icherrish.com/public_html/src/framework/Slim.php(1364): Slim\Route->dispatch()
#12 /home/icherrish.com/public_html/src/framework/Middleware/Flash.php(85): Slim\Slim->call()
#13 /home/icherrish.com/public_html/src/framework/Middleware/MethodOverride.php(92): Slim\Middleware\Flash->call()
#14 /home/icherrish.com/public_html/src/middlewares/CsrfGuard/CsrfGuard.php(47): Slim\Middleware\MethodOverride->call()
#15 /home/icherrish.com/public_html/src/framework/Middleware/PrettyExceptions.php(67): spark\middlewares\CsrfGuard\CsrfGuard->call()
#16 /home/icherrish.com/public_html/src/framework/Slim.php(1308): Slim\Middleware\PrettyExceptions->call()
#17 /home/icherrish.com/public_html/index.php(6): Slim\Slim->run()
#18 {main} [] []
[2025-07-11 13:19:37] SlimMonoLogger.ERROR: Requests_Exception: cURL error 28: Operation timed out after 500000 milliseconds with 0 bytes received in /home/icherrish.com/public_html/src/vendor/rmccue/requests/library/Requests/Transport/cURL.php:422
Stack trace:
#0 /home/icherrish.com/public_html/src/vendor/rmccue/requests/library/Requests/Transport/cURL.php(177): Requests_Transport_cURL->process_response()
#1 /home/icherrish.com/public_html/src/vendor/rmccue/requests/library/Requests.php(379): Requests_Transport_cURL->request()
#2 /home/icherrish.com/public_html/src/vendor/rmccue/requests/library/Requests/Session.php(205): Requests::request()
#3 /home/icherrish.com/public_html/src/vendor/rmccue/requests/library/Requests/Session.php(132): Requests_Session->request()
#4 /home/icherrish.com/public_html/src/drivers/Http/RssImporter.php(144): Requests_Session->get()
#5 /home/icherrish.com/public_html/src/controllers/Dashboard/DashboardFeedsController.php(534): spark\drivers\Http\RssImporter->fetchPosts()
#6 /home/icherrish.com/public_html/src/controllers/Dashboard/DashboardFeedsController.php(522): spark\controllers\Dashboard\DashboardFeedsController::importFeedPosts()
#7 [internal function]: spark\controllers\Dashboard\DashboardFeedsController->refreshFeed()
#8 /home/icherrish.com/public_html/src/framework/Route.php(173): call_user_func_array()
#9 [internal function]: Slim\Route->Slim\{closure}()
#10 /home/icherrish.com/public_html/src/framework/Route.php(468): call_user_func_array()
#11 /home/icherrish.com/public_html/src/framework/Slim.php(1364): Slim\Route->dispatch()
#12 /home/icherrish.com/public_html/src/framework/Middleware/Flash.php(85): Slim\Slim->call()
#13 /home/icherrish.com/public_html/src/framework/Middleware/MethodOverride.php(92): Slim\Middleware\Flash->call()
#14 /home/icherrish.com/public_html/src/middlewares/CsrfGuard/CsrfGuard.php(47): Slim\Middleware\MethodOverride->call()
#15 /home/icherrish.com/public_html/src/framework/Middleware/PrettyExceptions.php(67): spark\middlewares\CsrfGuard\CsrfGuard->call()
#16 /home/icherrish.com/public_html/src/framework/Slim.php(1308): Slim\Middleware\PrettyExceptions->call()
#17 /home/icherrish.com/public_html/index.php(6): Slim\Slim->run()
#18 {main} [] []
[2025-07-11 13:46:05] SlimMonoLogger.ERROR: Requests_Exception: cURL error 28: Operation timed out after 500002 milliseconds with 0 bytes received in /home/icherrish.com/public_html/src/vendor/rmccue/requests/library/Requests/Transport/cURL.php:422
Stack trace:
#0 /home/icherrish.com/public_html/src/vendor/rmccue/requests/library/Requests/Transport/cURL.php(177): Requests_Transport_cURL->process_response()
#1 /home/icherrish.com/public_html/src/vendor/rmccue/requests/library/Requests.php(379): Requests_Transport_cURL->request()
#2 /home/icherrish.com/public_html/src/vendor/rmccue/requests/library/Requests/Session.php(205): Requests::request()
#3 /home/icherrish.com/public_html/src/vendor/rmccue/requests/library/Requests/Session.php(132): Requests_Session->request()
#4 /home/icherrish.com/public_html/src/drivers/Http/RssImporter.php(144): Requests_Session->get()
#5 /home/icherrish.com/public_html/src/controllers/Dashboard/DashboardFeedsController.php(534): spark\drivers\Http\RssImporter->fetchPosts()
#6 /home/icherrish.com/public_html/src/controllers/Dashboard/DashboardFeedsController.php(522): spark\controllers\Dashboard\DashboardFeedsController::importFeedPosts()
#7 [internal function]: spark\controllers\Dashboard\DashboardFeedsController->refreshFeed()
#8 /home/icherrish.com/public_html/src/framework/Route.php(173): call_user_func_array()
#9 [internal function]: Slim\Route->Slim\{closure}()
#10 /home/icherrish.com/public_html/src/framework/Route.php(468): call_user_func_array()
#11 /home/icherrish.com/public_html/src/framework/Slim.php(1364): Slim\Route->dispatch()
#12 /home/icherrish.com/public_html/src/framework/Middleware/Flash.php(85): Slim\Slim->call()
#13 /home/icherrish.com/public_html/src/framework/Middleware/MethodOverride.php(92): Slim\Middleware\Flash->call()
#14 /home/icherrish.com/public_html/src/middlewares/CsrfGuard/CsrfGuard.php(47): Slim\Middleware\MethodOverride->call()
#15 /home/icherrish.com/public_html/src/framework/Middleware/PrettyExceptions.php(67): spark\middlewares\CsrfGuard\CsrfGuard->call()
#16 /home/icherrish.com/public_html/src/framework/Slim.php(1308): Slim\Middleware\PrettyExceptions->call()
#17 /home/icherrish.com/public_html/index.php(6): Slim\Slim->run()
#18 {main} [] []
[2025-07-11 13:55:23] SlimMonoLogger.ERROR: Requests_Exception: cURL error 28: Operation timed out after 500004 milliseconds with 0 bytes received in /home/icherrish.com/public_html/src/vendor/rmccue/requests/library/Requests/Transport/cURL.php:422
Stack trace:
#0 /home/icherrish.com/public_html/src/vendor/rmccue/requests/library/Requests/Transport/cURL.php(177): Requests_Transport_cURL->process_response()
#1 /home/icherrish.com/public_html/src/vendor/rmccue/requests/library/Requests.php(379): Requests_Transport_cURL->request()
#2 /home/icherrish.com/public_html/src/vendor/rmccue/requests/library/Requests/Session.php(205): Requests::request()
#3 /home/icherrish.com/public_html/src/vendor/rmccue/requests/library/Requests/Session.php(132): Requests_Session->request()
#4 /home/icherrish.com/public_html/src/drivers/Http/RssImporter.php(144): Requests_Session->get()
#5 /home/icherrish.com/public_html/src/controllers/Dashboard/DashboardFeedsController.php(534): spark\drivers\Http\RssImporter->fetchPosts()
#6 /home/icherrish.com/public_html/src/controllers/Dashboard/DashboardFeedsController.php(522): spark\controllers\Dashboard\DashboardFeedsController::importFeedPosts()
#7 [internal function]: spark\controllers\Dashboard\DashboardFeedsController->refreshFeed()
#8 /home/icherrish.com/public_html/src/framework/Route.php(173): call_user_func_array()
#9 [internal function]: Slim\Route->Slim\{closure}()
#10 /home/icherrish.com/public_html/src/framework/Route.php(468): call_user_func_array()
#11 /home/icherrish.com/public_html/src/framework/Slim.php(1364): Slim\Route->dispatch()
#12 /home/icherrish.com/public_html/src/framework/Middleware/Flash.php(85): Slim\Slim->call()
#13 /home/icherrish.com/public_html/src/framework/Middleware/MethodOverride.php(92): Slim\Middleware\Flash->call()
#14 /home/icherrish.com/public_html/src/middlewares/CsrfGuard/CsrfGuard.php(47): Slim\Middleware\MethodOverride->call()
#15 /home/icherrish.com/public_html/src/framework/Middleware/PrettyExceptions.php(67): spark\middlewares\CsrfGuard\CsrfGuard->call()
#16 /home/icherrish.com/public_html/src/framework/Slim.php(1308): Slim\Middleware\PrettyExceptions->call()
#17 /home/icherrish.com/public_html/index.php(6): Slim\Slim->run()
#18 {main} [] []
