[2025-07-26 10:23:59] SlimMonoLogger.ERROR: PDOException: SQLSTATE[22001]: String data, right truncated: 1406 Data too long for column 'content_body' at row 1 in /home/icherrish.com/public_html/src/framework/PDO/Statement/StatementContainer.php:429
Stack trace:
#0 /home/icherrish.com/public_html/src/framework/PDO/Statement/StatementContainer.php(429): PDOStatement->execute()
#1 /home/icherrish.com/public_html/src/framework/PDO/Statement/UpdateStatement.php(86): Slim\PDO\Statement\StatementContainer->execute()
#2 /home/icherrish.com/public_html/src/models/Model.php(145): Slim\PDO\Statement\UpdateStatement->execute()
#3 /home/icherrish.com/public_html/src/controllers/Dashboard/DashboardPagesController.php(308): spark\models\Model->update()
#4 [internal function]: spark\controllers\Dashboard\DashboardPagesController->updatePOST()
#5 /home/icherrish.com/public_html/src/framework/Route.php(173): call_user_func_array()
#6 [internal function]: Slim\Route->Slim\{closure}()
#7 /home/icherrish.com/public_html/src/framework/Route.php(468): call_user_func_array()
#8 /home/icherrish.com/public_html/src/framework/Slim.php(1364): Slim\Route->dispatch()
#9 /home/icherrish.com/public_html/src/framework/Middleware/Flash.php(85): Slim\Slim->call()
#10 /home/icherrish.com/public_html/src/framework/Middleware/MethodOverride.php(92): Slim\Middleware\Flash->call()
#11 /home/icherrish.com/public_html/src/middlewares/CsrfGuard/CsrfGuard.php(47): Slim\Middleware\MethodOverride->call()
#12 /home/icherrish.com/public_html/src/framework/Middleware/PrettyExceptions.php(67): spark\middlewares\CsrfGuard\CsrfGuard->call()
#13 /home/icherrish.com/public_html/src/framework/Slim.php(1308): Slim\Middleware\PrettyExceptions->call()
#14 /home/icherrish.com/public_html/index.php(6): Slim\Slim->run()
#15 {main} [] []
[2025-07-26 10:24:18] SlimMonoLogger.ERROR: PDOException: SQLSTATE[22001]: String data, right truncated: 1406 Data too long for column 'content_body' at row 1 in /home/icherrish.com/public_html/src/framework/PDO/Statement/StatementContainer.php:429
Stack trace:
#0 /home/icherrish.com/public_html/src/framework/PDO/Statement/StatementContainer.php(429): PDOStatement->execute()
#1 /home/icherrish.com/public_html/src/framework/PDO/Statement/UpdateStatement.php(86): Slim\PDO\Statement\StatementContainer->execute()
#2 /home/icherrish.com/public_html/src/models/Model.php(145): Slim\PDO\Statement\UpdateStatement->execute()
#3 /home/icherrish.com/public_html/src/controllers/Dashboard/DashboardPagesController.php(308): spark\models\Model->update()
#4 [internal function]: spark\controllers\Dashboard\DashboardPagesController->updatePOST()
#5 /home/icherrish.com/public_html/src/framework/Route.php(173): call_user_func_array()
#6 [internal function]: Slim\Route->Slim\{closure}()
#7 /home/icherrish.com/public_html/src/framework/Route.php(468): call_user_func_array()
#8 /home/icherrish.com/public_html/src/framework/Slim.php(1364): Slim\Route->dispatch()
#9 /home/icherrish.com/public_html/src/framework/Middleware/Flash.php(85): Slim\Slim->call()
#10 /home/icherrish.com/public_html/src/framework/Middleware/MethodOverride.php(92): Slim\Middleware\Flash->call()
#11 /home/icherrish.com/public_html/src/middlewares/CsrfGuard/CsrfGuard.php(47): Slim\Middleware\MethodOverride->call()
#12 /home/icherrish.com/public_html/src/framework/Middleware/PrettyExceptions.php(67): spark\middlewares\CsrfGuard\CsrfGuard->call()
#13 /home/icherrish.com/public_html/src/framework/Slim.php(1308): Slim\Middleware\PrettyExceptions->call()
#14 /home/icherrish.com/public_html/index.php(6): Slim\Slim->run()
#15 {main} [] []
[2025-07-26 10:24:36] SlimMonoLogger.ERROR: PDOException: SQLSTATE[22001]: String data, right truncated: 1406 Data too long for column 'content_body' at row 1 in /home/icherrish.com/public_html/src/framework/PDO/Statement/StatementContainer.php:429
Stack trace:
#0 /home/icherrish.com/public_html/src/framework/PDO/Statement/StatementContainer.php(429): PDOStatement->execute()
#1 /home/icherrish.com/public_html/src/framework/PDO/Statement/UpdateStatement.php(86): Slim\PDO\Statement\StatementContainer->execute()
#2 /home/icherrish.com/public_html/src/models/Model.php(145): Slim\PDO\Statement\UpdateStatement->execute()
#3 /home/icherrish.com/public_html/src/controllers/Dashboard/DashboardPagesController.php(308): spark\models\Model->update()
#4 [internal function]: spark\controllers\Dashboard\DashboardPagesController->updatePOST()
#5 /home/icherrish.com/public_html/src/framework/Route.php(173): call_user_func_array()
#6 [internal function]: Slim\Route->Slim\{closure}()
#7 /home/icherrish.com/public_html/src/framework/Route.php(468): call_user_func_array()
#8 /home/icherrish.com/public_html/src/framework/Slim.php(1364): Slim\Route->dispatch()
#9 /home/icherrish.com/public_html/src/framework/Middleware/Flash.php(85): Slim\Slim->call()
#10 /home/icherrish.com/public_html/src/framework/Middleware/MethodOverride.php(92): Slim\Middleware\Flash->call()
#11 /home/icherrish.com/public_html/src/middlewares/CsrfGuard/CsrfGuard.php(47): Slim\Middleware\MethodOverride->call()
#12 /home/icherrish.com/public_html/src/framework/Middleware/PrettyExceptions.php(67): spark\middlewares\CsrfGuard\CsrfGuard->call()
#13 /home/icherrish.com/public_html/src/framework/Slim.php(1308): Slim\Middleware\PrettyExceptions->call()
#14 /home/icherrish.com/public_html/index.php(6): Slim\Slim->run()
#15 {main} [] []
[2025-07-26 10:24:43] SlimMonoLogger.ERROR: PDOException: SQLSTATE[22001]: String data, right truncated: 1406 Data too long for column 'content_body' at row 1 in /home/icherrish.com/public_html/src/framework/PDO/Statement/StatementContainer.php:429
Stack trace:
#0 /home/icherrish.com/public_html/src/framework/PDO/Statement/StatementContainer.php(429): PDOStatement->execute()
#1 /home/icherrish.com/public_html/src/framework/PDO/Statement/UpdateStatement.php(86): Slim\PDO\Statement\StatementContainer->execute()
#2 /home/icherrish.com/public_html/src/models/Model.php(145): Slim\PDO\Statement\UpdateStatement->execute()
#3 /home/icherrish.com/public_html/src/controllers/Dashboard/DashboardPagesController.php(308): spark\models\Model->update()
#4 [internal function]: spark\controllers\Dashboard\DashboardPagesController->updatePOST()
#5 /home/icherrish.com/public_html/src/framework/Route.php(173): call_user_func_array()
#6 [internal function]: Slim\Route->Slim\{closure}()
#7 /home/icherrish.com/public_html/src/framework/Route.php(468): call_user_func_array()
#8 /home/icherrish.com/public_html/src/framework/Slim.php(1364): Slim\Route->dispatch()
#9 /home/icherrish.com/public_html/src/framework/Middleware/Flash.php(85): Slim\Slim->call()
#10 /home/icherrish.com/public_html/src/framework/Middleware/MethodOverride.php(92): Slim\Middleware\Flash->call()
#11 /home/icherrish.com/public_html/src/middlewares/CsrfGuard/CsrfGuard.php(47): Slim\Middleware\MethodOverride->call()
#12 /home/icherrish.com/public_html/src/framework/Middleware/PrettyExceptions.php(67): spark\middlewares\CsrfGuard\CsrfGuard->call()
#13 /home/icherrish.com/public_html/src/framework/Slim.php(1308): Slim\Middleware\PrettyExceptions->call()
#14 /home/icherrish.com/public_html/index.php(6): Slim\Slim->run()
#15 {main} [] []
[2025-07-26 10:24:50] SlimMonoLogger.ERROR: PDOException: SQLSTATE[22001]: String data, right truncated: 1406 Data too long for column 'content_body' at row 1 in /home/icherrish.com/public_html/src/framework/PDO/Statement/StatementContainer.php:429
Stack trace:
#0 /home/icherrish.com/public_html/src/framework/PDO/Statement/StatementContainer.php(429): PDOStatement->execute()
#1 /home/icherrish.com/public_html/src/framework/PDO/Statement/UpdateStatement.php(86): Slim\PDO\Statement\StatementContainer->execute()
#2 /home/icherrish.com/public_html/src/models/Model.php(145): Slim\PDO\Statement\UpdateStatement->execute()
#3 /home/icherrish.com/public_html/src/controllers/Dashboard/DashboardPagesController.php(308): spark\models\Model->update()
#4 [internal function]: spark\controllers\Dashboard\DashboardPagesController->updatePOST()
#5 /home/icherrish.com/public_html/src/framework/Route.php(173): call_user_func_array()
#6 [internal function]: Slim\Route->Slim\{closure}()
#7 /home/icherrish.com/public_html/src/framework/Route.php(468): call_user_func_array()
#8 /home/icherrish.com/public_html/src/framework/Slim.php(1364): Slim\Route->dispatch()
#9 /home/icherrish.com/public_html/src/framework/Middleware/Flash.php(85): Slim\Slim->call()
#10 /home/icherrish.com/public_html/src/framework/Middleware/MethodOverride.php(92): Slim\Middleware\Flash->call()
#11 /home/icherrish.com/public_html/src/middlewares/CsrfGuard/CsrfGuard.php(47): Slim\Middleware\MethodOverride->call()
#12 /home/icherrish.com/public_html/src/framework/Middleware/PrettyExceptions.php(67): spark\middlewares\CsrfGuard\CsrfGuard->call()
#13 /home/icherrish.com/public_html/src/framework/Slim.php(1308): Slim\Middleware\PrettyExceptions->call()
#14 /home/icherrish.com/public_html/index.php(6): Slim\Slim->run()
#15 {main} [] []
[2025-07-26 10:25:45] SlimMonoLogger.ERROR: PDOException: SQLSTATE[22001]: String data, right truncated: 1406 Data too long for column 'content_body' at row 1 in /home/icherrish.com/public_html/src/framework/PDO/Statement/StatementContainer.php:429
Stack trace:
#0 /home/icherrish.com/public_html/src/framework/PDO/Statement/StatementContainer.php(429): PDOStatement->execute()
#1 /home/icherrish.com/public_html/src/framework/PDO/Statement/UpdateStatement.php(86): Slim\PDO\Statement\StatementContainer->execute()
#2 /home/icherrish.com/public_html/src/models/Model.php(145): Slim\PDO\Statement\UpdateStatement->execute()
#3 /home/icherrish.com/public_html/src/controllers/Dashboard/DashboardPagesController.php(308): spark\models\Model->update()
#4 [internal function]: spark\controllers\Dashboard\DashboardPagesController->updatePOST()
#5 /home/icherrish.com/public_html/src/framework/Route.php(173): call_user_func_array()
#6 [internal function]: Slim\Route->Slim\{closure}()
#7 /home/icherrish.com/public_html/src/framework/Route.php(468): call_user_func_array()
#8 /home/icherrish.com/public_html/src/framework/Slim.php(1364): Slim\Route->dispatch()
#9 /home/icherrish.com/public_html/src/framework/Middleware/Flash.php(85): Slim\Slim->call()
#10 /home/icherrish.com/public_html/src/framework/Middleware/MethodOverride.php(92): Slim\Middleware\Flash->call()
#11 /home/icherrish.com/public_html/src/middlewares/CsrfGuard/CsrfGuard.php(47): Slim\Middleware\MethodOverride->call()
#12 /home/icherrish.com/public_html/src/framework/Middleware/PrettyExceptions.php(67): spark\middlewares\CsrfGuard\CsrfGuard->call()
#13 /home/icherrish.com/public_html/src/framework/Slim.php(1308): Slim\Middleware\PrettyExceptions->call()
#14 /home/icherrish.com/public_html/index.php(6): Slim\Slim->run()
#15 {main} [] []
[2025-07-26 10:25:53] SlimMonoLogger.ERROR: PDOException: SQLSTATE[22001]: String data, right truncated: 1406 Data too long for column 'content_body' at row 1 in /home/icherrish.com/public_html/src/framework/PDO/Statement/StatementContainer.php:429
Stack trace:
#0 /home/icherrish.com/public_html/src/framework/PDO/Statement/StatementContainer.php(429): PDOStatement->execute()
#1 /home/icherrish.com/public_html/src/framework/PDO/Statement/UpdateStatement.php(86): Slim\PDO\Statement\StatementContainer->execute()
#2 /home/icherrish.com/public_html/src/models/Model.php(145): Slim\PDO\Statement\UpdateStatement->execute()
#3 /home/icherrish.com/public_html/src/controllers/Dashboard/DashboardPagesController.php(308): spark\models\Model->update()
#4 [internal function]: spark\controllers\Dashboard\DashboardPagesController->updatePOST()
#5 /home/icherrish.com/public_html/src/framework/Route.php(173): call_user_func_array()
#6 [internal function]: Slim\Route->Slim\{closure}()
#7 /home/icherrish.com/public_html/src/framework/Route.php(468): call_user_func_array()
#8 /home/icherrish.com/public_html/src/framework/Slim.php(1364): Slim\Route->dispatch()
#9 /home/icherrish.com/public_html/src/framework/Middleware/Flash.php(85): Slim\Slim->call()
#10 /home/icherrish.com/public_html/src/framework/Middleware/MethodOverride.php(92): Slim\Middleware\Flash->call()
#11 /home/icherrish.com/public_html/src/middlewares/CsrfGuard/CsrfGuard.php(47): Slim\Middleware\MethodOverride->call()
#12 /home/icherrish.com/public_html/src/framework/Middleware/PrettyExceptions.php(67): spark\middlewares\CsrfGuard\CsrfGuard->call()
#13 /home/icherrish.com/public_html/src/framework/Slim.php(1308): Slim\Middleware\PrettyExceptions->call()
#14 /home/icherrish.com/public_html/index.php(6): Slim\Slim->run()
#15 {main} [] []
[2025-07-26 10:26:02] SlimMonoLogger.ERROR: PDOException: SQLSTATE[22001]: String data, right truncated: 1406 Data too long for column 'content_body' at row 1 in /home/icherrish.com/public_html/src/framework/PDO/Statement/StatementContainer.php:429
Stack trace:
#0 /home/icherrish.com/public_html/src/framework/PDO/Statement/StatementContainer.php(429): PDOStatement->execute()
#1 /home/icherrish.com/public_html/src/framework/PDO/Statement/UpdateStatement.php(86): Slim\PDO\Statement\StatementContainer->execute()
#2 /home/icherrish.com/public_html/src/models/Model.php(145): Slim\PDO\Statement\UpdateStatement->execute()
#3 /home/icherrish.com/public_html/src/controllers/Dashboard/DashboardPagesController.php(308): spark\models\Model->update()
#4 [internal function]: spark\controllers\Dashboard\DashboardPagesController->updatePOST()
#5 /home/icherrish.com/public_html/src/framework/Route.php(173): call_user_func_array()
#6 [internal function]: Slim\Route->Slim\{closure}()
#7 /home/icherrish.com/public_html/src/framework/Route.php(468): call_user_func_array()
#8 /home/icherrish.com/public_html/src/framework/Slim.php(1364): Slim\Route->dispatch()
#9 /home/icherrish.com/public_html/src/framework/Middleware/Flash.php(85): Slim\Slim->call()
#10 /home/icherrish.com/public_html/src/framework/Middleware/MethodOverride.php(92): Slim\Middleware\Flash->call()
#11 /home/icherrish.com/public_html/src/middlewares/CsrfGuard/CsrfGuard.php(47): Slim\Middleware\MethodOverride->call()
#12 /home/icherrish.com/public_html/src/framework/Middleware/PrettyExceptions.php(67): spark\middlewares\CsrfGuard\CsrfGuard->call()
#13 /home/icherrish.com/public_html/src/framework/Slim.php(1308): Slim\Middleware\PrettyExceptions->call()
#14 /home/icherrish.com/public_html/index.php(6): Slim\Slim->run()
#15 {main} [] []
[2025-07-26 10:29:00] SlimMonoLogger.ERROR: InvalidArgumentException: Cannot find uploaded file identified by key: file in /home/icherrish.com/public_html/src/vendor/codeguy/upload/src/Upload/File.php:139
Stack trace:
#0 /home/icherrish.com/public_html/src/controllers/Dashboard/DashboardGalleryController.php(189): Upload\File->__construct()
#1 [internal function]: spark\controllers\Dashboard\DashboardGalleryController->createPOST()
#2 /home/icherrish.com/public_html/src/framework/Route.php(173): call_user_func_array()
#3 [internal function]: Slim\Route->Slim\{closure}()
#4 /home/icherrish.com/public_html/src/framework/Route.php(468): call_user_func_array()
#5 /home/icherrish.com/public_html/src/framework/Slim.php(1364): Slim\Route->dispatch()
#6 /home/icherrish.com/public_html/src/framework/Middleware/Flash.php(85): Slim\Slim->call()
#7 /home/icherrish.com/public_html/src/framework/Middleware/MethodOverride.php(92): Slim\Middleware\Flash->call()
#8 /home/icherrish.com/public_html/src/middlewares/CsrfGuard/CsrfGuard.php(47): Slim\Middleware\MethodOverride->call()
#9 /home/icherrish.com/public_html/src/framework/Middleware/PrettyExceptions.php(67): spark\middlewares\CsrfGuard\CsrfGuard->call()
#10 /home/icherrish.com/public_html/src/framework/Slim.php(1308): Slim\Middleware\PrettyExceptions->call()
#11 /home/icherrish.com/public_html/index.php(6): Slim\Slim->run()
#12 {main} [] []
[2025-07-26 10:29:05] SlimMonoLogger.ERROR: InvalidArgumentException: Cannot find uploaded file identified by key: file in /home/icherrish.com/public_html/src/vendor/codeguy/upload/src/Upload/File.php:139
Stack trace:
#0 /home/icherrish.com/public_html/src/controllers/Dashboard/DashboardGalleryController.php(189): Upload\File->__construct()
#1 [internal function]: spark\controllers\Dashboard\DashboardGalleryController->createPOST()
#2 /home/icherrish.com/public_html/src/framework/Route.php(173): call_user_func_array()
#3 [internal function]: Slim\Route->Slim\{closure}()
#4 /home/icherrish.com/public_html/src/framework/Route.php(468): call_user_func_array()
#5 /home/icherrish.com/public_html/src/framework/Slim.php(1364): Slim\Route->dispatch()
#6 /home/icherrish.com/public_html/src/framework/Middleware/Flash.php(85): Slim\Slim->call()
#7 /home/icherrish.com/public_html/src/framework/Middleware/MethodOverride.php(92): Slim\Middleware\Flash->call()
#8 /home/icherrish.com/public_html/src/middlewares/CsrfGuard/CsrfGuard.php(47): Slim\Middleware\MethodOverride->call()
#9 /home/icherrish.com/public_html/src/framework/Middleware/PrettyExceptions.php(67): spark\middlewares\CsrfGuard\CsrfGuard->call()
#10 /home/icherrish.com/public_html/src/framework/Slim.php(1308): Slim\Middleware\PrettyExceptions->call()
#11 /home/icherrish.com/public_html/index.php(6): Slim\Slim->run()
#12 {main} [] []
[2025-07-26 10:29:07] SlimMonoLogger.ERROR: InvalidArgumentException: Cannot find uploaded file identified by key: file in /home/icherrish.com/public_html/src/vendor/codeguy/upload/src/Upload/File.php:139
Stack trace:
#0 /home/icherrish.com/public_html/src/controllers/Dashboard/DashboardGalleryController.php(189): Upload\File->__construct()
#1 [internal function]: spark\controllers\Dashboard\DashboardGalleryController->createPOST()
#2 /home/icherrish.com/public_html/src/framework/Route.php(173): call_user_func_array()
#3 [internal function]: Slim\Route->Slim\{closure}()
#4 /home/icherrish.com/public_html/src/framework/Route.php(468): call_user_func_array()
#5 /home/icherrish.com/public_html/src/framework/Slim.php(1364): Slim\Route->dispatch()
#6 /home/icherrish.com/public_html/src/framework/Middleware/Flash.php(85): Slim\Slim->call()
#7 /home/icherrish.com/public_html/src/framework/Middleware/MethodOverride.php(92): Slim\Middleware\Flash->call()
#8 /home/icherrish.com/public_html/src/middlewares/CsrfGuard/CsrfGuard.php(47): Slim\Middleware\MethodOverride->call()
#9 /home/icherrish.com/public_html/src/framework/Middleware/PrettyExceptions.php(67): spark\middlewares\CsrfGuard\CsrfGuard->call()
#10 /home/icherrish.com/public_html/src/framework/Slim.php(1308): Slim\Middleware\PrettyExceptions->call()
#11 /home/icherrish.com/public_html/index.php(6): Slim\Slim->run()
#12 {main} [] []
[2025-07-26 10:29:10] SlimMonoLogger.ERROR: PDOException: SQLSTATE[22001]: String data, right truncated: 1406 Data too long for column 'content_body' at row 1 in /home/icherrish.com/public_html/src/framework/PDO/Statement/StatementContainer.php:429
Stack trace:
#0 /home/icherrish.com/public_html/src/framework/PDO/Statement/StatementContainer.php(429): PDOStatement->execute()
#1 /home/icherrish.com/public_html/src/framework/PDO/Statement/UpdateStatement.php(86): Slim\PDO\Statement\StatementContainer->execute()
#2 /home/icherrish.com/public_html/src/models/Model.php(145): Slim\PDO\Statement\UpdateStatement->execute()
#3 /home/icherrish.com/public_html/src/controllers/Dashboard/DashboardPagesController.php(308): spark\models\Model->update()
#4 [internal function]: spark\controllers\Dashboard\DashboardPagesController->updatePOST()
#5 /home/icherrish.com/public_html/src/framework/Route.php(173): call_user_func_array()
#6 [internal function]: Slim\Route->Slim\{closure}()
#7 /home/icherrish.com/public_html/src/framework/Route.php(468): call_user_func_array()
#8 /home/icherrish.com/public_html/src/framework/Slim.php(1364): Slim\Route->dispatch()
#9 /home/icherrish.com/public_html/src/framework/Middleware/Flash.php(85): Slim\Slim->call()
#10 /home/icherrish.com/public_html/src/framework/Middleware/MethodOverride.php(92): Slim\Middleware\Flash->call()
#11 /home/icherrish.com/public_html/src/middlewares/CsrfGuard/CsrfGuard.php(47): Slim\Middleware\MethodOverride->call()
#12 /home/icherrish.com/public_html/src/framework/Middleware/PrettyExceptions.php(67): spark\middlewares\CsrfGuard\CsrfGuard->call()
#13 /home/icherrish.com/public_html/src/framework/Slim.php(1308): Slim\Middleware\PrettyExceptions->call()
#14 /home/icherrish.com/public_html/index.php(6): Slim\Slim->run()
#15 {main} [] []
[2025-07-26 10:30:08] SlimMonoLogger.ERROR: InvalidArgumentException: Cannot find uploaded file identified by key: file in /home/icherrish.com/public_html/src/vendor/codeguy/upload/src/Upload/File.php:139
Stack trace:
#0 /home/icherrish.com/public_html/src/controllers/Dashboard/DashboardGalleryController.php(189): Upload\File->__construct()
#1 [internal function]: spark\controllers\Dashboard\DashboardGalleryController->createPOST()
#2 /home/icherrish.com/public_html/src/framework/Route.php(173): call_user_func_array()
#3 [internal function]: Slim\Route->Slim\{closure}()
#4 /home/icherrish.com/public_html/src/framework/Route.php(468): call_user_func_array()
#5 /home/icherrish.com/public_html/src/framework/Slim.php(1364): Slim\Route->dispatch()
#6 /home/icherrish.com/public_html/src/framework/Middleware/Flash.php(85): Slim\Slim->call()
#7 /home/icherrish.com/public_html/src/framework/Middleware/MethodOverride.php(92): Slim\Middleware\Flash->call()
#8 /home/icherrish.com/public_html/src/middlewares/CsrfGuard/CsrfGuard.php(47): Slim\Middleware\MethodOverride->call()
#9 /home/icherrish.com/public_html/src/framework/Middleware/PrettyExceptions.php(67): spark\middlewares\CsrfGuard\CsrfGuard->call()
#10 /home/icherrish.com/public_html/src/framework/Slim.php(1308): Slim\Middleware\PrettyExceptions->call()
#11 /home/icherrish.com/public_html/index.php(6): Slim\Slim->run()
#12 {main} [] []
[2025-07-26 10:30:12] SlimMonoLogger.ERROR: PDOException: SQLSTATE[22001]: String data, right truncated: 1406 Data too long for column 'content_body' at row 1 in /home/icherrish.com/public_html/src/framework/PDO/Statement/StatementContainer.php:429
Stack trace:
#0 /home/icherrish.com/public_html/src/framework/PDO/Statement/StatementContainer.php(429): PDOStatement->execute()
#1 /home/icherrish.com/public_html/src/framework/PDO/Statement/UpdateStatement.php(86): Slim\PDO\Statement\StatementContainer->execute()
#2 /home/icherrish.com/public_html/src/models/Model.php(145): Slim\PDO\Statement\UpdateStatement->execute()
#3 /home/icherrish.com/public_html/src/controllers/Dashboard/DashboardPagesController.php(308): spark\models\Model->update()
#4 [internal function]: spark\controllers\Dashboard\DashboardPagesController->updatePOST()
#5 /home/icherrish.com/public_html/src/framework/Route.php(173): call_user_func_array()
#6 [internal function]: Slim\Route->Slim\{closure}()
#7 /home/icherrish.com/public_html/src/framework/Route.php(468): call_user_func_array()
#8 /home/icherrish.com/public_html/src/framework/Slim.php(1364): Slim\Route->dispatch()
#9 /home/icherrish.com/public_html/src/framework/Middleware/Flash.php(85): Slim\Slim->call()
#10 /home/icherrish.com/public_html/src/framework/Middleware/MethodOverride.php(92): Slim\Middleware\Flash->call()
#11 /home/icherrish.com/public_html/src/middlewares/CsrfGuard/CsrfGuard.php(47): Slim\Middleware\MethodOverride->call()
#12 /home/icherrish.com/public_html/src/framework/Middleware/PrettyExceptions.php(67): spark\middlewares\CsrfGuard\CsrfGuard->call()
#13 /home/icherrish.com/public_html/src/framework/Slim.php(1308): Slim\Middleware\PrettyExceptions->call()
#14 /home/icherrish.com/public_html/index.php(6): Slim\Slim->run()
#15 {main} [] []
[2025-07-26 14:08:40] SlimMonoLogger.ERROR: InvalidArgumentException: Cannot find uploaded file identified by key: file in /home/icherrish.com/public_html/src/vendor/codeguy/upload/src/Upload/File.php:139
Stack trace:
#0 /home/icherrish.com/public_html/src/controllers/Dashboard/DashboardGalleryController.php(189): Upload\File->__construct()
#1 [internal function]: spark\controllers\Dashboard\DashboardGalleryController->createPOST()
#2 /home/icherrish.com/public_html/src/framework/Route.php(173): call_user_func_array()
#3 [internal function]: Slim\Route->Slim\{closure}()
#4 /home/icherrish.com/public_html/src/framework/Route.php(468): call_user_func_array()
#5 /home/icherrish.com/public_html/src/framework/Slim.php(1364): Slim\Route->dispatch()
#6 /home/icherrish.com/public_html/src/framework/Middleware/Flash.php(85): Slim\Slim->call()
#7 /home/icherrish.com/public_html/src/framework/Middleware/MethodOverride.php(92): Slim\Middleware\Flash->call()
#8 /home/icherrish.com/public_html/src/middlewares/CsrfGuard/CsrfGuard.php(47): Slim\Middleware\MethodOverride->call()
#9 /home/icherrish.com/public_html/src/framework/Middleware/PrettyExceptions.php(67): spark\middlewares\CsrfGuard\CsrfGuard->call()
#10 /home/icherrish.com/public_html/src/framework/Slim.php(1308): Slim\Middleware\PrettyExceptions->call()
#11 /home/icherrish.com/public_html/index.php(6): Slim\Slim->run()
#12 {main} [] []
[2025-07-26 14:18:51] SlimMonoLogger.ERROR: InvalidArgumentException: Cannot find uploaded file identified by key: file in /home/icherrish.com/public_html/src/vendor/codeguy/upload/src/Upload/File.php:139
Stack trace:
#0 /home/icherrish.com/public_html/src/controllers/Dashboard/DashboardGalleryController.php(189): Upload\File->__construct()
#1 [internal function]: spark\controllers\Dashboard\DashboardGalleryController->createPOST()
#2 /home/icherrish.com/public_html/src/framework/Route.php(173): call_user_func_array()
#3 [internal function]: Slim\Route->Slim\{closure}()
#4 /home/icherrish.com/public_html/src/framework/Route.php(468): call_user_func_array()
#5 /home/icherrish.com/public_html/src/framework/Slim.php(1364): Slim\Route->dispatch()
#6 /home/icherrish.com/public_html/src/framework/Middleware/Flash.php(85): Slim\Slim->call()
#7 /home/icherrish.com/public_html/src/framework/Middleware/MethodOverride.php(92): Slim\Middleware\Flash->call()
#8 /home/icherrish.com/public_html/src/middlewares/CsrfGuard/CsrfGuard.php(47): Slim\Middleware\MethodOverride->call()
#9 /home/icherrish.com/public_html/src/framework/Middleware/PrettyExceptions.php(67): spark\middlewares\CsrfGuard\CsrfGuard->call()
#10 /home/icherrish.com/public_html/src/framework/Slim.php(1308): Slim\Middleware\PrettyExceptions->call()
#11 /home/icherrish.com/public_html/index.php(6): Slim\Slim->run()
#12 {main} [] []
