[2025-06-30 07:43:39] SlimMonoLogger.CRITICAL: PDOException: SQLSTATE[HY000] [1045] Access denied for user 'icherrish_icherrish'@'localhost' (using password: YES) in /home/icherrish.com/public_html/src/framework/PDO/Database.php:34
Stack trace:
#0 /home/icherrish.com/public_html/src/framework/PDO/Database.php(34): PDO->__construct()
#1 /home/icherrish.com/public_html/src/dependencies.php(73): Slim\PDO\Database->__construct()
#2 /home/icherrish.com/public_html/src/framework/Helper/Set.php(231): {closure}()
#3 /home/icherrish.com/public_html/src/framework/Helper/Set.php(88): Slim\Helper\Set->Slim\Helper\{closure}()
#4 /home/icherrish.com/public_html/src/framework/Slim.php(232): Slim\Helper\Set->get()
#5 /home/icherrish.com/public_html/src/models/Model.php(176): Slim\Slim->__get()
#6 /home/icherrish.com/public_html/src/models/OptionModel.php(180): spark\models\Model->select()
#7 /home/icherrish.com/public_html/src/models/OptionModel.php(40): spark\models\OptionModel->autoloadOptions()
#8 /home/icherrish.com/public_html/src/dependencies.php(99): spark\models\OptionModel->__construct()
#9 /home/icherrish.com/public_html/src/framework/Helper/Set.php(231): {closure}()
#10 /home/icherrish.com/public_html/src/framework/Helper/Set.php(88): Slim\Helper\Set->Slim\Helper\{closure}()
#11 /home/icherrish.com/public_html/src/framework/Slim.php(232): Slim\Helper\Set->get()
#12 /home/icherrish.com/public_html/src/drivers/Views/ThemeManager.php(34): Slim\Slim->__get()
#13 /home/icherrish.com/public_html/src/dependencies.php(142): spark\drivers\Views\ThemeManager->initEngine()
#14 /home/icherrish.com/public_html/src/bootstrap.php(68): require('...')
#15 /home/icherrish.com/public_html/index.php(4): require('...')
#16 {main} [] []
[2025-06-30 07:43:55] SlimMonoLogger.CRITICAL: PDOException: SQLSTATE[HY000] [1045] Access denied for user 'icherrish_icherrish'@'localhost' (using password: YES) in /home/icherrish.com/public_html/src/framework/PDO/Database.php:34
Stack trace:
#0 /home/icherrish.com/public_html/src/framework/PDO/Database.php(34): PDO->__construct()
#1 /home/icherrish.com/public_html/src/dependencies.php(73): Slim\PDO\Database->__construct()
#2 /home/icherrish.com/public_html/src/framework/Helper/Set.php(231): {closure}()
#3 /home/icherrish.com/public_html/src/framework/Helper/Set.php(88): Slim\Helper\Set->Slim\Helper\{closure}()
#4 /home/icherrish.com/public_html/src/framework/Slim.php(232): Slim\Helper\Set->get()
#5 /home/icherrish.com/public_html/src/models/Model.php(176): Slim\Slim->__get()
#6 /home/icherrish.com/public_html/src/models/OptionModel.php(180): spark\models\Model->select()
#7 /home/icherrish.com/public_html/src/models/OptionModel.php(40): spark\models\OptionModel->autoloadOptions()
#8 /home/icherrish.com/public_html/src/dependencies.php(99): spark\models\OptionModel->__construct()
#9 /home/icherrish.com/public_html/src/framework/Helper/Set.php(231): {closure}()
#10 /home/icherrish.com/public_html/src/framework/Helper/Set.php(88): Slim\Helper\Set->Slim\Helper\{closure}()
#11 /home/icherrish.com/public_html/src/framework/Slim.php(232): Slim\Helper\Set->get()
#12 /home/icherrish.com/public_html/src/drivers/Views/ThemeManager.php(34): Slim\Slim->__get()
#13 /home/icherrish.com/public_html/src/dependencies.php(142): spark\drivers\Views\ThemeManager->initEngine()
#14 /home/icherrish.com/public_html/src/bootstrap.php(68): require('...')
#15 /home/icherrish.com/public_html/index.php(4): require('...')
#16 {main} [] []
[2025-06-30 07:43:56] SlimMonoLogger.CRITICAL: PDOException: SQLSTATE[HY000] [1045] Access denied for user 'icherrish_icherrish'@'localhost' (using password: YES) in /home/icherrish.com/public_html/src/framework/PDO/Database.php:34
Stack trace:
#0 /home/icherrish.com/public_html/src/framework/PDO/Database.php(34): PDO->__construct()
#1 /home/icherrish.com/public_html/src/dependencies.php(73): Slim\PDO\Database->__construct()
#2 /home/icherrish.com/public_html/src/framework/Helper/Set.php(231): {closure}()
#3 /home/icherrish.com/public_html/src/framework/Helper/Set.php(88): Slim\Helper\Set->Slim\Helper\{closure}()
#4 /home/icherrish.com/public_html/src/framework/Slim.php(232): Slim\Helper\Set->get()
#5 /home/icherrish.com/public_html/src/models/Model.php(176): Slim\Slim->__get()
#6 /home/icherrish.com/public_html/src/models/OptionModel.php(180): spark\models\Model->select()
#7 /home/icherrish.com/public_html/src/models/OptionModel.php(40): spark\models\OptionModel->autoloadOptions()
#8 /home/icherrish.com/public_html/src/dependencies.php(99): spark\models\OptionModel->__construct()
#9 /home/icherrish.com/public_html/src/framework/Helper/Set.php(231): {closure}()
#10 /home/icherrish.com/public_html/src/framework/Helper/Set.php(88): Slim\Helper\Set->Slim\Helper\{closure}()
#11 /home/icherrish.com/public_html/src/framework/Slim.php(232): Slim\Helper\Set->get()
#12 /home/icherrish.com/public_html/src/drivers/Views/ThemeManager.php(34): Slim\Slim->__get()
#13 /home/icherrish.com/public_html/src/dependencies.php(142): spark\drivers\Views\ThemeManager->initEngine()
#14 /home/icherrish.com/public_html/src/bootstrap.php(68): require('...')
#15 /home/icherrish.com/public_html/index.php(4): require('...')
#16 {main} [] []
[2025-06-30 07:43:57] SlimMonoLogger.CRITICAL: PDOException: SQLSTATE[HY000] [1045] Access denied for user 'icherrish_icherrish'@'localhost' (using password: YES) in /home/icherrish.com/public_html/src/framework/PDO/Database.php:34
Stack trace:
#0 /home/icherrish.com/public_html/src/framework/PDO/Database.php(34): PDO->__construct()
#1 /home/icherrish.com/public_html/src/dependencies.php(73): Slim\PDO\Database->__construct()
#2 /home/icherrish.com/public_html/src/framework/Helper/Set.php(231): {closure}()
#3 /home/icherrish.com/public_html/src/framework/Helper/Set.php(88): Slim\Helper\Set->Slim\Helper\{closure}()
#4 /home/icherrish.com/public_html/src/framework/Slim.php(232): Slim\Helper\Set->get()
#5 /home/icherrish.com/public_html/src/models/Model.php(176): Slim\Slim->__get()
#6 /home/icherrish.com/public_html/src/models/OptionModel.php(180): spark\models\Model->select()
#7 /home/icherrish.com/public_html/src/models/OptionModel.php(40): spark\models\OptionModel->autoloadOptions()
#8 /home/icherrish.com/public_html/src/dependencies.php(99): spark\models\OptionModel->__construct()
#9 /home/icherrish.com/public_html/src/framework/Helper/Set.php(231): {closure}()
#10 /home/icherrish.com/public_html/src/framework/Helper/Set.php(88): Slim\Helper\Set->Slim\Helper\{closure}()
#11 /home/icherrish.com/public_html/src/framework/Slim.php(232): Slim\Helper\Set->get()
#12 /home/icherrish.com/public_html/src/drivers/Views/ThemeManager.php(34): Slim\Slim->__get()
#13 /home/icherrish.com/public_html/src/dependencies.php(142): spark\drivers\Views\ThemeManager->initEngine()
#14 /home/icherrish.com/public_html/src/bootstrap.php(68): require('...')
#15 /home/icherrish.com/public_html/index.php(4): require('...')
#16 {main} [] []
